Performing C SOURCE FILE Test IS_WNO-UNUSED-CONST-VARIABLE_SUPPORTED failed with the following output:
Change Dir: /home/zhangzhiliang/workspace/src/libgit2/build/CMakeFiles/CMakeTmp

Run Build Command:/usr/bin/make "cmTryCompileExec4057973708/fast"
/usr/bin/make -f CMakeFiles/cmTryCompileExec4057973708.dir/build.make CMakeFiles/cmTryCompileExec4057973708.dir/build
make[1]: Entering directory `/home/zhangzhiliang/workspace/src/libgit2/build/CMakeFiles/CMakeTmp'
/usr/bin/cmake -E cmake_progress_report /home/zhangzhiliang/workspace/src/libgit2/build/CMakeFiles/CMakeTmp/CMakeFiles 1
Building C object CMakeFiles/cmTryCompileExec4057973708.dir/src.c.o
/usr/bin/cc   -D_GNU_SOURCE -Wall -Wextra  -fvisibility=hidden -fPIC -Wno-missing-field-initializers -Wstrict-aliasing=2 -Wstrict-prototypes -Wdeclaration-after-statement -DIS_WNO-UNUSED-CONST-VARIABLE_SUPPORTED   -Wno-unused-const-variable -o CMakeFiles/cmTryCompileExec4057973708.dir/src.c.o   -c /home/zhangzhiliang/workspace/src/libgit2/build/CMakeFiles/CMakeTmp/src.c
<command-line>:0:7: warning: missing whitespace after the macro name [enabled by default]
cc1: warning: unrecognized command line option "-Wno-unused-const-variable" [enabled by default]
Linking C executable cmTryCompileExec4057973708
/usr/bin/cmake -E cmake_link_script CMakeFiles/cmTryCompileExec4057973708.dir/link.txt --verbose=1
/usr/bin/cc  -D_GNU_SOURCE -Wall -Wextra  -fvisibility=hidden -fPIC -Wno-missing-field-initializers -Wstrict-aliasing=2 -Wstrict-prototypes -Wdeclaration-after-statement -DIS_WNO-UNUSED-CONST-VARIABLE_SUPPORTED    CMakeFiles/cmTryCompileExec4057973708.dir/src.c.o  -o cmTryCompileExec4057973708 -rdynamic 
make[1]: Leaving directory `/home/zhangzhiliang/workspace/src/libgit2/build/CMakeFiles/CMakeTmp'

Source file was:
int main(void) { return 0; }
Determining if the pthread_create exist failed with the following output:
Change Dir: /home/zhangzhiliang/workspace/src/libgit2/build/CMakeFiles/CMakeTmp

Run Build Command:/usr/bin/make "cmTryCompileExec3563803314/fast"
/usr/bin/make -f CMakeFiles/cmTryCompileExec3563803314.dir/build.make CMakeFiles/cmTryCompileExec3563803314.dir/build
make[1]: 正在进入目录 `/home/zhangzhiliang/workspace/src/libgit2/build/CMakeFiles/CMakeTmp'
/usr/bin/cmake -E cmake_progress_report /home/zhangzhiliang/workspace/src/libgit2/build/CMakeFiles/CMakeTmp/CMakeFiles 1
Building C object CMakeFiles/cmTryCompileExec3563803314.dir/CheckSymbolExists.c.o
/usr/bin/cc   -D_GNU_SOURCE -Wall -Wextra  -fvisibility=hidden -fPIC -Wno-missing-field-initializers -Wstrict-aliasing=2 -Wstrict-prototypes -Wdeclaration-after-statement -Wno-unused-function    -o CMakeFiles/cmTryCompileExec3563803314.dir/CheckSymbolExists.c.o   -c /home/zhangzhiliang/workspace/src/libgit2/build/CMakeFiles/CMakeTmp/CheckSymbolExists.c
Linking C executable cmTryCompileExec3563803314
/usr/bin/cmake -E cmake_link_script CMakeFiles/cmTryCompileExec3563803314.dir/link.txt --verbose=1
/usr/bin/cc  -D_GNU_SOURCE -Wall -Wextra  -fvisibility=hidden -fPIC -Wno-missing-field-initializers -Wstrict-aliasing=2 -Wstrict-prototypes -Wdeclaration-after-statement -Wno-unused-function     CMakeFiles/cmTryCompileExec3563803314.dir/CheckSymbolExists.c.o  -o cmTryCompileExec3563803314 -rdynamic 
CMakeFiles/cmTryCompileExec3563803314.dir/CheckSymbolExists.c.o：在函数‘main’中：
CheckSymbolExists.c:(.text+0x1b)：对‘pthread_create’未定义的引用
collect2: error: ld returned 1 exit status
make[1]: *** [cmTryCompileExec3563803314] 错误 1
make[1]:正在离开目录 `/home/zhangzhiliang/workspace/src/libgit2/build/CMakeFiles/CMakeTmp'
make: *** [cmTryCompileExec3563803314/fast] 错误 2

File /home/zhangzhiliang/workspace/src/libgit2/build/CMakeFiles/CMakeTmp/CheckSymbolExists.c:
/* */
#include <pthread.h>

int main(int argc, char** argv)
{
  (void)argv;
#ifndef pthread_create
  return ((int*)(&pthread_create))[argc];
#else
  (void)argc;
  return 0;
#endif
}

Determining if the function pthread_create exists in the pthreads failed with the following output:
Change Dir: /home/zhangzhiliang/workspace/src/libgit2/build/CMakeFiles/CMakeTmp

Run Build Command:/usr/bin/make "cmTryCompileExec1384261426/fast"
/usr/bin/make -f CMakeFiles/cmTryCompileExec1384261426.dir/build.make CMakeFiles/cmTryCompileExec1384261426.dir/build
make[1]: 正在进入目录 `/home/zhangzhiliang/workspace/src/libgit2/build/CMakeFiles/CMakeTmp'
/usr/bin/cmake -E cmake_progress_report /home/zhangzhiliang/workspace/src/libgit2/build/CMakeFiles/CMakeTmp/CMakeFiles 1
Building C object CMakeFiles/cmTryCompileExec1384261426.dir/CheckFunctionExists.c.o
/usr/bin/cc   -D_GNU_SOURCE -Wall -Wextra  -fvisibility=hidden -fPIC -Wno-missing-field-initializers -Wstrict-aliasing=2 -Wstrict-prototypes -Wdeclaration-after-statement -Wno-unused-function -DCHECK_FUNCTION_EXISTS=pthread_create   -o CMakeFiles/cmTryCompileExec1384261426.dir/CheckFunctionExists.c.o   -c /usr/share/cmake-2.8/Modules/CheckFunctionExists.c
/usr/share/cmake-2.8/Modules/CheckFunctionExists.c:3:1: warning: function declaration isn’t a prototype [-Wstrict-prototypes]
 char CHECK_FUNCTION_EXISTS();
 ^
Linking C executable cmTryCompileExec1384261426
/usr/bin/cmake -E cmake_link_script CMakeFiles/cmTryCompileExec1384261426.dir/link.txt --verbose=1
/usr/bin/cc  -D_GNU_SOURCE -Wall -Wextra  -fvisibility=hidden -fPIC -Wno-missing-field-initializers -Wstrict-aliasing=2 -Wstrict-prototypes -Wdeclaration-after-statement -Wno-unused-function -DCHECK_FUNCTION_EXISTS=pthread_create    CMakeFiles/cmTryCompileExec1384261426.dir/CheckFunctionExists.c.o  -o cmTryCompileExec1384261426 -rdynamic -lpthreads 
/usr/bin/ld: cannot find -lpthreads
collect2: error: ld returned 1 exit status
make[1]: *** [cmTryCompileExec1384261426] 错误 1
make[1]:正在离开目录 `/home/zhangzhiliang/workspace/src/libgit2/build/CMakeFiles/CMakeTmp'
make: *** [cmTryCompileExec1384261426/fast] 错误 2


